#
# There is insufficient memory for the Java Runtime Environment to continue.
# Native memory allocation (malloc) failed to allocate 958256 bytes for Chunk::new
# Possible reasons:
#   The system is out of physical RAM or swap space
#   The process is running with CompressedOops enabled, and the Java Heap may be blocking the growth of the native heap
# Possible solutions:
#   Reduce memory load on the system
#   Increase physical memory or swap space
#   Check if swap backing store is full
#   Decrease Java heap size (-Xmx/-Xms)
#   Decrease number of Java threads
#   Decrease Java thread stack sizes (-Xss)
#   Set larger code cache with -XX:ReservedCodeCacheSize=
#   JVM is running with Unscaled Compressed Oops mode in which the Java heap is
#     placed in the first 4GB address space. The Java Heap base address is the
#     maximum limit for the native heap growth. Please use -XX:HeapBaseMinAddress
#     to set the Java Heap base and to place the Java Heap above 4GB virtual address.
# This output file may be truncated or incomplete.
#
#  Out of Memory Error (./src/hotspot/share/memory/arena.cpp:197), pid=16140, tid=11032
#
# JRE version: OpenJDK Runtime Environment (11.0.13) (build 11.0.13+0-b1751.21-8125866)
# Java VM: OpenJDK 64-Bit Server VM (11.0.13+0-b1751.21-8125866, mixed mode, tiered, compressed oops, g1 gc, windows-amd64)
# No core dump will be written. Minidumps are not enabled by default on client versions of Windows
#

---------------  S U M M A R Y ------------

Command Line: org.jetbrains.kotlin.cli.jvm.K2JVMCompiler @D:\Android Studio\MyStoryApp\app\build\20230503_17311917686640726326.compiler.options

Host: AMD Athlon 300U with Radeon Vega Mobile Gfx    , 4 cores, 5G,  Windows 11 , 64 bit Build 22621 (10.0.22621.1485)
Time: Wed May  3 06:24:40 2023 Tomsk Standard Time elapsed time: 4.472324 seconds (0d 0h 0m 4s)

---------------  T H R E A D  ---------------

Current thread (0x0000015b54737000):  JavaThread "C2 CompilerThread0" daemon [_thread_in_native, id=11032, stack(0x00000013a7000000,0x00000013a7100000)]


Current CompileTask:
C2:   4472 2174   !   4       jdk.internal.loader.BuiltinClassLoader::loadClassOrNull (143 bytes)

Stack: [0x00000013a7000000,0x00000013a7100000]
Native frames: (J=compiled Java code, j=interpreted, Vv=VM code, C=native code)
V  [jvm.dll+0x6100fa]
V  [jvm.dll+0x747090]
V  [jvm.dll+0x7486ad]
V  [jvm.dll+0x748d83]
V  [jvm.dll+0x24ab48]
V  [jvm.dll+0xc04dc]
V  [jvm.dll+0xc0a0c]
V  [jvm.dll+0x2bfab4]
V  [jvm.dll+0x524238]
V  [jvm.dll+0x204a21]
V  [jvm.dll+0x2023c2]
V  [jvm.dll+0x188e01]
V  [jvm.dll+0x21106b]
V  [jvm.dll+0x20f8c1]
V  [jvm.dll+0x70de0f]
V  [jvm.dll+0x706a75]
V  [jvm.dll+0x60ed66]
C  [ucrtbase.dll+0x29363]
C  [KERNEL32.DLL+0x1269d]
C  [ntdll.dll+0x5a9f8]


---------------  P R O C E S S  ---------------

Threads class SMR info:
_java_thread_list=0x0000015b551cc5a0, length=10, elements={
0x0000015b3bea6800, 0x0000015b5470d800, 0x0000015b5470e800, 0x0000015b54731000,
0x0000015b54732000, 0x0000015b54733000, 0x0000015b54737000, 0x0000015b54743800,
0x0000015b54757000, 0x0000015b551dc800
}

Java Threads: ( => current thread )
  0x0000015b3bea6800 JavaThread "main" [_thread_in_vm, id=20660, stack(0x00000013a6400000,0x00000013a6500000)]
  0x0000015b5470d800 JavaThread "Reference Handler" daemon [_thread_blocked, id=2616, stack(0x00000013a6b00000,0x00000013a6c00000)]
  0x0000015b5470e800 JavaThread "Finalizer" daemon [_thread_blocked, id=14972, stack(0x00000013a6c00000,0x00000013a6d00000)]
  0x0000015b54731000 JavaThread "Signal Dispatcher" daemon [_thread_blocked, id=9648, stack(0x00000013a6d00000,0x00000013a6e00000)]
  0x0000015b54732000 JavaThread "Attach Listener" daemon [_thread_blocked, id=13348, stack(0x00000013a6e00000,0x00000013a6f00000)]
  0x0000015b54733000 JavaThread "Service Thread" daemon [_thread_blocked, id=15228, stack(0x00000013a6f00000,0x00000013a7000000)]
=>0x0000015b54737000 JavaThread "C2 CompilerThread0" daemon [_thread_in_native, id=11032, stack(0x00000013a7000000,0x00000013a7100000)]
  0x0000015b54743800 JavaThread "C1 CompilerThread0" daemon [_thread_blocked, id=4960, stack(0x00000013a7100000,0x00000013a7200000)]
  0x0000015b54757000 JavaThread "Sweeper thread" daemon [_thread_blocked, id=19920, stack(0x00000013a7200000,0x00000013a7300000)]
  0x0000015b551dc800 JavaThread "Common-Cleaner" daemon [_thread_blocked, id=6148, stack(0x00000013a7400000,0x00000013a7500000)]

Other Threads:
  0x0000015b546e8800 VMThread "VM Thread" [stack: 0x00000013a6a00000,0x00000013a6b00000] [id=7836]
  0x0000015b551d2800 WatcherThread [stack: 0x00000013a7300000,0x00000013a7400000] [id=2000]
  0x0000015b3bec0800 GCTaskThread "GC Thread#0" [stack: 0x00000013a6500000,0x00000013a6600000] [id=3556]
  0x0000015b5561c800 GCTaskThread "GC Thread#1" [stack: 0x00000013a7500000,0x00000013a7600000] [id=4352]
  0x0000015b3bee6800 ConcurrentGCThread "G1 Main Marker" [stack: 0x00000013a6600000,0x00000013a6700000] [id=8168]
  0x0000015b3bee8800 ConcurrentGCThread "G1 Conc#0" [stack: 0x00000013a6700000,0x00000013a6800000] [id=6856]
  0x0000015b3bf61000 ConcurrentGCThread "G1 Refine#0" [stack: 0x00000013a6800000,0x00000013a6900000] [id=8184]
  0x0000015b3bf64800 ConcurrentGCThread "G1 Young RemSet Sampling" [stack: 0x00000013a6900000,0x00000013a6a00000] [id=7280]

Threads with active compile tasks:
C2 CompilerThread0   4491 2174   !   4       jdk.internal.loader.BuiltinClassLoader::loadClassOrNull (143 bytes)

VM state:not at safepoint (normal execution)

VM Mutex/Monitor currently owned by a thread: None

Heap address: 0x00000000a1200000, size: 1518 MB, Compressed Oops mode: 32-bit
Narrow klass base: 0x0000000000000000, Narrow klass shift: 3
Compressed class space size: 1073741824 Address: 0x0000000100000000

Heap:
 garbage-first heap   total 98304K, used 46212K [0x00000000a1200000, 0x0000000100000000)
  region size 1024K, 38 young (38912K), 6 survivors (6144K)
 Metaspace       used 30319K, capacity 30815K, committed 31024K, reserved 1077248K
  class space    used 3487K, capacity 3678K, committed 3712K, reserved 1048576K
Heap Regions: E=young(eden), S=young(survivor), O=old, HS=humongous(starts), HC=humongous(continues), CS=collection set, F=free, A=archive, TAMS=top-at-mark-start (previous, next)
|   0|0x00000000a1200000, 0x00000000a1300000, 0x00000000a1300000|100%|HS|  |TAMS 0x00000000a1300000, 0x00000000a1200000| Complete 
|   1|0x00000000a1300000, 0x00000000a1400000, 0x00000000a1400000|100%|HC|  |TAMS 0x00000000a1400000, 0x00000000a1300000| Complete 
|   2|0x00000000a1400000, 0x00000000a1500000, 0x00000000a1500000|100%|HC|  |TAMS 0x00000000a1500000, 0x00000000a1400000| Complete 
|   3|0x00000000a1500000, 0x00000000a1600000, 0x00000000a1600000|100%|HC|  |TAMS 0x00000000a1600000, 0x00000000a1500000| Complete 
|   4|0x00000000a1600000, 0x00000000a1600000, 0x00000000a1700000|  0%| F|  |TAMS 0x00000000a1600000, 0x00000000a1600000| Untracked 
|   5|0x00000000a1700000, 0x00000000a1721000, 0x00000000a1800000| 12%| O|  |TAMS 0x00000000a1721000, 0x00000000a1700000| Untracked 
|   6|0x00000000a1800000, 0x00000000a1900000, 0x00000000a1900000|100%|HS|  |TAMS 0x00000000a1800000, 0x00000000a1800000| Complete 
|   7|0x00000000a1900000, 0x00000000a1a00000, 0x00000000a1a00000|100%|HC|  |TAMS 0x00000000a1900000, 0x00000000a1900000| Complete 
|   8|0x00000000a1a00000, 0x00000000a1b00000, 0x00000000a1b00000|100%|HC|  |TAMS 0x00000000a1a00000, 0x00000000a1a00000| Complete 
|   9|0x00000000a1b00000, 0x00000000a1c00000, 0x00000000a1c00000|100%|HC|  |TAMS 0x00000000a1b00000, 0x00000000a1b00000| Complete 
|  10|0x00000000a1c00000, 0x00000000a1c00000, 0x00000000a1d00000|  0%| F|  |TAMS 0x00000000a1c00000, 0x00000000a1c00000| Untracked 
|  11|0x00000000a1d00000, 0x00000000a1d00000, 0x00000000a1e00000|  0%| F|  |TAMS 0x00000000a1d00000, 0x00000000a1d00000| Untracked 
|  12|0x00000000a1e00000, 0x00000000a1e00000, 0x00000000a1f00000|  0%| F|  |TAMS 0x00000000a1e00000, 0x00000000a1e00000| Untracked 
|  13|0x00000000a1f00000, 0x00000000a1f00000, 0x00000000a2000000|  0%| F|  |TAMS 0x00000000a1f00000, 0x00000000a1f00000| Untracked 
|  14|0x00000000a2000000, 0x00000000a2000000, 0x00000000a2100000|  0%| F|  |TAMS 0x00000000a2000000, 0x00000000a2000000| Untracked 
|  15|0x00000000a2100000, 0x00000000a2100000, 0x00000000a2200000|  0%| F|  |TAMS 0x00000000a2100000, 0x00000000a2100000| Untracked 
|  16|0x00000000a2200000, 0x00000000a2200000, 0x00000000a2300000|  0%| F|  |TAMS 0x00000000a2200000, 0x00000000a2200000| Untracked 
|  17|0x00000000a2300000, 0x00000000a2300000, 0x00000000a2400000|  0%| F|  |TAMS 0x00000000a2300000, 0x00000000a2300000| Untracked 
|  18|0x00000000a2400000, 0x00000000a2400000, 0x00000000a2500000|  0%| F|  |TAMS 0x00000000a2400000, 0x00000000a2400000| Untracked 
|  19|0x00000000a2500000, 0x00000000a2500000, 0x00000000a2600000|  0%| F|  |TAMS 0x00000000a2500000, 0x00000000a2500000| Untracked 
|  20|0x00000000a2600000, 0x00000000a2600000, 0x00000000a2700000|  0%| F|  |TAMS 0x00000000a2600000, 0x00000000a2600000| Untracked 
|  21|0x00000000a2700000, 0x00000000a2700000, 0x00000000a2800000|  0%| F|  |TAMS 0x00000000a2700000, 0x00000000a2700000| Untracked 
|  22|0x00000000a2800000, 0x00000000a2800000, 0x00000000a2900000|  0%| F|  |TAMS 0x00000000a2800000, 0x00000000a2800000| Untracked 
|  23|0x00000000a2900000, 0x00000000a2900000, 0x00000000a2a00000|  0%| F|  |TAMS 0x00000000a2900000, 0x00000000a2900000| Untracked 
|  24|0x00000000a2a00000, 0x00000000a2a00000, 0x00000000a2b00000|  0%| F|  |TAMS 0x00000000a2a00000, 0x00000000a2a00000| Untracked 
|  25|0x00000000a2b00000, 0x00000000a2b00000, 0x00000000a2c00000|  0%| F|  |TAMS 0x00000000a2b00000, 0x00000000a2b00000| Untracked 
|  26|0x00000000a2c00000, 0x00000000a2c00000, 0x00000000a2d00000|  0%| F|  |TAMS 0x00000000a2c00000, 0x00000000a2c00000| Untracked 
|  27|0x00000000a2d00000, 0x00000000a2d00000, 0x00000000a2e00000|  0%| F|  |TAMS 0x00000000a2d00000, 0x00000000a2d00000| Untracked 
|  28|0x00000000a2e00000, 0x00000000a2e00000, 0x00000000a2f00000|  0%| F|  |TAMS 0x00000000a2e00000, 0x00000000a2e00000| Untracked 
|  29|0x00000000a2f00000, 0x00000000a2f00000, 0x00000000a3000000|  0%| F|  |TAMS 0x00000000a2f00000, 0x00000000a2f00000| Untracked 
|  30|0x00000000a3000000, 0x00000000a3000000, 0x00000000a3100000|  0%| F|  |TAMS 0x00000000a3000000, 0x00000000a3000000| Untracked 
|  31|0x00000000a3100000, 0x00000000a3100000, 0x00000000a3200000|  0%| F|  |TAMS 0x00000000a3100000, 0x00000000a3100000| Untracked 
|  32|0x00000000a3200000, 0x00000000a3200000, 0x00000000a3300000|  0%| F|  |TAMS 0x00000000a3200000, 0x00000000a3200000| Untracked 
|  33|0x00000000a3300000, 0x00000000a3300000, 0x00000000a3400000|  0%| F|  |TAMS 0x00000000a3300000, 0x00000000a3300000| Untracked 
|  34|0x00000000a3400000, 0x00000000a3400000, 0x00000000a3500000|  0%| F|  |TAMS 0x00000000a3400000, 0x00000000a3400000| Untracked 
|  35|0x00000000a3500000, 0x00000000a3500000, 0x00000000a3600000|  0%| F|  |TAMS 0x00000000a3500000, 0x00000000a3500000| Untracked 
|  36|0x00000000a3600000, 0x00000000a3600000, 0x00000000a3700000|  0%| F|  |TAMS 0x00000000a3600000, 0x00000000a3600000| Untracked 
|  37|0x00000000a3700000, 0x00000000a3700000, 0x00000000a3800000|  0%| F|  |TAMS 0x00000000a3700000, 0x00000000a3700000| Untracked 
|  38|0x00000000a3800000, 0x00000000a3800000, 0x00000000a3900000|  0%| F|  |TAMS 0x00000000a3800000, 0x00000000a3800000| Untracked 
|  39|0x00000000a3900000, 0x00000000a3900000, 0x00000000a3a00000|  0%| F|  |TAMS 0x00000000a3900000, 0x00000000a3900000| Untracked 
|  40|0x00000000a3a00000, 0x00000000a3b00000, 0x00000000a3b00000|100%| S|CS|TAMS 0x00000000a3a00000, 0x00000000a3a00000| Complete 
|  41|0x00000000a3b00000, 0x00000000a3c00000, 0x00000000a3c00000|100%| S|CS|TAMS 0x00000000a3b00000, 0x00000000a3b00000| Complete 
|  42|0x00000000a3c00000, 0x00000000a3d00000, 0x00000000a3d00000|100%| S|CS|TAMS 0x00000000a3c00000, 0x00000000a3c00000| Complete 
|  43|0x00000000a3d00000, 0x00000000a3e00000, 0x00000000a3e00000|100%| S|CS|TAMS 0x00000000a3d00000, 0x00000000a3d00000| Complete 
|  44|0x00000000a3e00000, 0x00000000a3f00000, 0x00000000a3f00000|100%| S|CS|TAMS 0x00000000a3e00000, 0x00000000a3e00000| Complete 
|  45|0x00000000a3f00000, 0x00000000a4000000, 0x00000000a4000000|100%| S|CS|TAMS 0x00000000a3f00000, 0x00000000a3f00000| Complete 
|  46|0x00000000a4000000, 0x00000000a4000000, 0x00000000a4100000|  0%| F|  |TAMS 0x00000000a4000000, 0x00000000a4000000| Untracked 
|  47|0x00000000a4100000, 0x00000000a4100000, 0x00000000a4200000|  0%| F|  |TAMS 0x00000000a4100000, 0x00000000a4100000| Untracked 
|  48|0x00000000a4200000, 0x00000000a4200000, 0x00000000a4300000|  0%| F|  |TAMS 0x00000000a4200000, 0x00000000a4200000| Untracked 
|  49|0x00000000a4300000, 0x00000000a4300000, 0x00000000a4400000|  0%| F|  |TAMS 0x00000000a4300000, 0x00000000a4300000| Untracked 
|  50|0x00000000a4400000, 0x00000000a4400000, 0x00000000a4500000|  0%| F|  |TAMS 0x00000000a4400000, 0x00000000a4400000| Untracked 
|  51|0x00000000a4500000, 0x00000000a4500000, 0x00000000a4600000|  0%| F|  |TAMS 0x00000000a4500000, 0x00000000a4500000| Untracked 
|  52|0x00000000a4600000, 0x00000000a4600000, 0x00000000a4700000|  0%| F|  |TAMS 0x00000000a4600000, 0x00000000a4600000| Untracked 
|  53|0x00000000a4700000, 0x00000000a4700000, 0x00000000a4800000|  0%| F|  |TAMS 0x00000000a4700000, 0x00000000a4700000| Untracked 
|  54|0x00000000a4800000, 0x00000000a4800000, 0x00000000a4900000|  0%| F|  |TAMS 0x00000000a4800000, 0x00000000a4800000| Untracked 
|  55|0x00000000a4900000, 0x00000000a4900000, 0x00000000a4a00000|  0%| F|  |TAMS 0x00000000a4900000, 0x00000000a4900000| Untracked 
|  56|0x00000000a4a00000, 0x00000000a4a00000, 0x00000000a4b00000|  0%| F|  |TAMS 0x00000000a4a00000, 0x00000000a4a00000| Untracked 
|  57|0x00000000a4b00000, 0x00000000a4b00000, 0x00000000a4c00000|  0%| F|  |TAMS 0x00000000a4b00000, 0x00000000a4b00000| Untracked 
|  58|0x00000000a4c00000, 0x00000000a4c00000, 0x00000000a4d00000|  0%| F|  |TAMS 0x00000000a4c00000, 0x00000000a4c00000| Untracked 
|  59|0x00000000a4d00000, 0x00000000a4d00000, 0x00000000a4e00000|  0%| F|  |TAMS 0x00000000a4d00000, 0x00000000a4d00000| Untracked 
|  60|0x00000000a4e00000, 0x00000000a4e00000, 0x00000000a4f00000|  0%| F|  |TAMS 0x00000000a4e00000, 0x00000000a4e00000| Untracked 
|  61|0x00000000a4f00000, 0x00000000a4f00000, 0x00000000a5000000|  0%| F|  |TAMS 0x00000000a4f00000, 0x00000000a4f00000| Untracked 
|  62|0x00000000a5000000, 0x00000000a5000000, 0x00000000a5100000|  0%| F|  |TAMS 0x00000000a5000000, 0x00000000a5000000| Untracked 
|  63|0x00000000a5100000, 0x00000000a5100000, 0x00000000a5200000|  0%| F|  |TAMS 0x00000000a5100000, 0x00000000a5100000| Untracked 
|  64|0x00000000a5200000, 0x00000000a5300000, 0x00000000a5300000|100%| E|  |TAMS 0x00000000a5200000, 0x00000000a5200000| Complete 
|  65|0x00000000a5300000, 0x00000000a5400000, 0x00000000a5400000|100%| E|CS|TAMS 0x00000000a5300000, 0x00000000a5300000| Complete 
|  66|0x00000000a5400000, 0x00000000a5500000, 0x00000000a5500000|100%| E|CS|TAMS 0x00000000a5400000, 0x00000000a5400000| Complete 
|  67|0x00000000a5500000, 0x00000000a5600000, 0x00000000a5600000|100%| E|CS|TAMS 0x00000000a5500000, 0x00000000a5500000| Complete 
|  68|0x00000000a5600000, 0x00000000a5700000, 0x00000000a5700000|100%| E|CS|TAMS 0x00000000a5600000, 0x00000000a5600000| Complete 
|  69|0x00000000a5700000, 0x00000000a5800000, 0x00000000a5800000|100%| E|CS|TAMS 0x00000000a5700000, 0x00000000a5700000| Complete 
|  70|0x00000000a5800000, 0x00000000a5900000, 0x00000000a5900000|100%| E|CS|TAMS 0x00000000a5800000, 0x00000000a5800000| Complete 
|  71|0x00000000a5900000, 0x00000000a5a00000, 0x00000000a5a00000|100%| E|CS|TAMS 0x00000000a5900000, 0x00000000a5900000| Complete 
|  72|0x00000000a5a00000, 0x00000000a5b00000, 0x00000000a5b00000|100%| E|CS|TAMS 0x00000000a5a00000, 0x00000000a5a00000| Complete 
|  73|0x00000000a5b00000, 0x00000000a5c00000, 0x00000000a5c00000|100%| E|CS|TAMS 0x00000000a5b00000, 0x00000000a5b00000| Complete 
|  74|0x00000000a5c00000, 0x00000000a5d00000, 0x00000000a5d00000|100%| E|CS|TAMS 0x00000000a5c00000, 0x00000000a5c00000| Complete 
|  75|0x00000000a5d00000, 0x00000000a5e00000, 0x00000000a5e00000|100%| E|CS|TAMS 0x00000000a5d00000, 0x00000000a5d00000| Complete 
|  76|0x00000000a5e00000, 0x00000000a5f00000, 0x00000000a5f00000|100%| E|CS|TAMS 0x00000000a5e00000, 0x00000000a5e00000| Complete 
|  77|0x00000000a5f00000, 0x00000000a6000000, 0x00000000a6000000|100%| E|CS|TAMS 0x00000000a5f00000, 0x00000000a5f00000| Complete 
|  78|0x00000000a6000000, 0x00000000a6100000, 0x00000000a6100000|100%| E|CS|TAMS 0x00000000a6000000, 0x00000000a6000000| Complete 
|  79|0x00000000a6100000, 0x00000000a6200000, 0x00000000a6200000|100%| E|CS|TAMS 0x00000000a6100000, 0x00000000a6100000| Complete 
|  80|0x00000000a6200000, 0x00000000a6300000, 0x00000000a6300000|100%| E|CS|TAMS 0x00000000a6200000, 0x00000000a6200000| Complete 
|  81|0x00000000a6300000, 0x00000000a6400000, 0x00000000a6400000|100%| E|CS|TAMS 0x00000000a6300000, 0x00000000a6300000| Complete 
|  82|0x00000000a6400000, 0x00000000a6500000, 0x00000000a6500000|100%| E|CS|TAMS 0x00000000a6400000, 0x00000000a6400000| Complete 
|  83|0x00000000a6500000, 0x00000000a6600000, 0x00000000a6600000|100%| E|CS|TAMS 0x00000000a6500000, 0x00000000a6500000| Complete 
|  84|0x00000000a6600000, 0x00000000a6700000, 0x00000000a6700000|100%| E|CS|TAMS 0x00000000a6600000, 0x00000000a6600000| Complete 
|  85|0x00000000a6700000, 0x00000000a6800000, 0x00000000a6800000|100%| E|CS|TAMS 0x00000000a6700000, 0x00000000a6700000| Complete 
|  86|0x00000000a6800000, 0x00000000a6900000, 0x00000000a6900000|100%| E|CS|TAMS 0x00000000a6800000, 0x00000000a6800000| Complete 
|  87|0x00000000a6900000, 0x00000000a6a00000, 0x00000000a6a00000|100%| E|CS|TAMS 0x00000000a6900000, 0x00000000a6900000| Complete 
|  88|0x00000000a6a00000, 0x00000000a6b00000, 0x00000000a6b00000|100%| E|CS|TAMS 0x00000000a6a00000, 0x00000000a6a00000| Complete 
|  89|0x00000000a6b00000, 0x00000000a6c00000, 0x00000000a6c00000|100%| E|CS|TAMS 0x00000000a6b00000, 0x00000000a6b00000| Complete 
|  90|0x00000000a6c00000, 0x00000000a6d00000, 0x00000000a6d00000|100%| E|CS|TAMS 0x00000000a6c00000, 0x00000000a6c00000| Complete 
|  91|0x00000000a6d00000, 0x00000000a6e00000, 0x00000000a6e00000|100%| E|CS|TAMS 0x00000000a6d00000, 0x00000000a6d00000| Complete 
|  92|0x00000000a6e00000, 0x00000000a6f00000, 0x00000000a6f00000|100%| E|CS|TAMS 0x00000000a6e00000, 0x00000000a6e00000| Complete 
|  93|0x00000000a6f00000, 0x00000000a7000000, 0x00000000a7000000|100%| E|CS|TAMS 0x00000000a6f00000, 0x00000000a6f00000| Complete 
|  94|0x00000000a7000000, 0x00000000a7100000, 0x00000000a7100000|100%| E|CS|TAMS 0x00000000a7000000, 0x00000000a7000000| Complete 
|  95|0x00000000a7100000, 0x00000000a7200000, 0x00000000a7200000|100%| E|CS|TAMS 0x00000000a7100000, 0x00000000a7100000| Complete 

Card table byte_map: [0x0000015b4ecc0000,0x0000015b4efc0000] _byte_map_base: 0x0000015b4e7b7000

Marking Bits (Prev, Next): (CMBitMap*) 0x0000015b3bede900, (CMBitMap*) 0x0000015b3bede8c8
 Prev Bits: [0x0000015b50a80000, 0x0000015b52238000)
 Next Bits: [0x0000015b4f2c0000, 0x0000015b50a78000)

Polling page: 0x0000015b39e00000

Metaspace:

Usage:
  Non-class:     26.50 MB capacity,    26.21 MB ( 99%) used,   245.93 KB ( <1%) free+waste,    47.19 KB ( <1%) overhead. 
      Class:      3.59 MB capacity,     3.41 MB ( 95%) used,   161.34 KB (  4%) free+waste,    22.81 KB ( <1%) overhead. 
       Both:     30.09 MB capacity,    29.63 MB ( 98%) used,   407.27 KB (  1%) free+waste,    70.00 KB ( <1%) overhead. 

Virtual space:
  Non-class space:       28.00 MB reserved,      26.67 MB ( 95%) committed 
      Class space:        1.00 GB reserved,       3.63 MB ( <1%) committed 
             Both:        1.03 GB reserved,      30.30 MB (  3%) committed 

Chunk freelists:
   Non-Class:  47.00 KB
       Class:  2.00 KB
        Both:  49.00 KB

MaxMetaspaceSize: 17179869184.00 GB
CompressedClassSpaceSize: 1.00 GB
Initial GC threshold: 20.80 MB
Current GC threshold: 35.08 MB
CDS: off

CodeHeap 'non-profiled nmethods': size=120064Kb used=758Kb max_used=758Kb free=119305Kb
 bounds [0x0000015b47480000, 0x0000015b476f0000, 0x0000015b4e9c0000]
CodeHeap 'profiled nmethods': size=120000Kb used=4078Kb max_used=4078Kb free=115921Kb
 bounds [0x0000015b3ff50000, 0x0000015b40350000, 0x0000015b47480000]
CodeHeap 'non-nmethods': size=5696Kb used=1238Kb max_used=1254Kb free=4457Kb
 bounds [0x0000015b3f9c0000, 0x0000015b3fc30000, 0x0000015b3ff50000]
 total_blobs=2697 nmethods=2183 adapters=426
 compilation: enabled
              stopped_count=0, restarted_count=0
 full_count=0

Compilation events (20 events):
Event: 4.312 Thread 0x0000015b54743800 nmethod 2168 0x0000015b40343810 code [0x0000015b403439e0, 0x0000015b40343dd8]
Event: 4.313 Thread 0x0000015b54743800 2169       3       java.util.concurrent.ConcurrentHashMap::resizeStamp (8 bytes)
Event: 4.314 Thread 0x0000015b54743800 nmethod 2169 0x0000015b40343e90 code [0x0000015b40344040, 0x0000015b40344148]
Event: 4.325 Thread 0x0000015b54737000 2171       4       java.lang.String::lastIndexOf (12 bytes)
Event: 4.331 Thread 0x0000015b54737000 nmethod 2171 0x0000015b4753ca90 code [0x0000015b4753cc20, 0x0000015b4753ce58]
Event: 4.344 Thread 0x0000015b54743800 2172       3       sun.invoke.util.VerifyAccess::isMemberAccessible (313 bytes)
Event: 4.347 Thread 0x0000015b54743800 nmethod 2172 0x0000015b40344210 code [0x0000015b403446e0, 0x0000015b40346888]
Event: 4.350 Thread 0x0000015b54737000 2174   !   4       jdk.internal.loader.BuiltinClassLoader::loadClassOrNull (143 bytes)
Event: 4.356 Thread 0x0000015b54743800 2175       3       java.lang.String::indexOf (18 bytes)
Event: 4.357 Thread 0x0000015b54743800 nmethod 2175 0x0000015b40347310 code [0x0000015b403474e0, 0x0000015b403477a8]
Event: 4.357 Thread 0x0000015b54743800 2176       3       java.lang.String::indexOf (113 bytes)
Event: 4.357 Thread 0x0000015b54743800 nmethod 2176 0x0000015b40347910 code [0x0000015b40347ba0, 0x0000015b403485c8]
Event: 4.358 Thread 0x0000015b54743800 2177       3       java.lang.invoke.MethodHandleNatives::isCallerSensitive (29 bytes)
Event: 4.358 Thread 0x0000015b54743800 nmethod 2177 0x0000015b40348a10 code [0x0000015b40348c00, 0x0000015b40349168]
Event: 4.358 Thread 0x0000015b54743800 2180       3       java.lang.AbstractStringBuilder::append (55 bytes)
Event: 4.359 Thread 0x0000015b54743800 nmethod 2180 0x0000015b40349310 code [0x0000015b40349500, 0x0000015b40349838]
Event: 4.359 Thread 0x0000015b54743800 2178       3       java.lang.invoke.MethodHandleNatives::canBeCalledVirtual (93 bytes)
Event: 4.359 Thread 0x0000015b54743800 nmethod 2178 0x0000015b40349990 code [0x0000015b40349ba0, 0x0000015b4034a118]
Event: 4.387 Thread 0x0000015b54743800 2182       3       java.lang.reflect.Modifier::isVolatile (13 bytes)
Event: 4.388 Thread 0x0000015b54743800 nmethod 2182 0x0000015b4034a310 code [0x0000015b4034a4c0, 0x0000015b4034a5f8]

GC Heap History (4 events):
Event: 1.566 GC heap before
{Heap before GC invocations=0 (full 0):
 garbage-first heap   total 98304K, used 18432K [0x00000000a1200000, 0x0000000100000000)
  region size 1024K, 14 young (14336K), 0 survivors (0K)
 Metaspace       used 9444K, capacity 9551K, committed 9856K, reserved 1058816K
  class space    used 784K, capacity 820K, committed 896K, reserved 1048576K
}
Event: 1.571 GC heap after
{Heap after GC invocations=1 (full 0):
 garbage-first heap   total 98304K, used 6276K [0x00000000a1200000, 0x0000000100000000)
  region size 1024K, 2 young (2048K), 2 survivors (2048K)
 Metaspace       used 9444K, capacity 9551K, committed 9856K, reserved 1058816K
  class space    used 784K, capacity 820K, committed 896K, reserved 1048576K
}
Event: 3.327 GC heap before
{Heap before GC invocations=1 (full 0):
 garbage-first heap   total 98304K, used 54404K [0x00000000a1200000, 0x0000000100000000)
  region size 1024K, 50 young (51200K), 2 survivors (2048K)
 Metaspace       used 20845K, capacity 21130K, committed 21296K, reserved 1069056K
  class space    used 2242K, capacity 2344K, committed 2432K, reserved 1048576K
}
Event: 3.349 GC heap after
{Heap after GC invocations=2 (full 0):
 garbage-first heap   total 98304K, used 10372K [0x00000000a1200000, 0x0000000100000000)
  region size 1024K, 6 young (6144K), 6 survivors (6144K)
 Metaspace       used 20845K, capacity 21130K, committed 21296K, reserved 1069056K
  class space    used 2242K, capacity 2344K, committed 2432K, reserved 1048576K
}

Deoptimization events (20 events):
Event: 3.914 Thread 0x0000015b3bea6800 DEOPT PACKING pc=0x0000015b402f2fcf sp=0x00000013a64fe360
Event: 3.914 Thread 0x0000015b3bea6800 DEOPT UNPACKING pc=0x0000015b3fa0a95e sp=0x00000013a64fd838 mode 0
Event: 3.914 Thread 0x0000015b3bea6800 DEOPT PACKING pc=0x0000015b402f2fcf sp=0x00000013a64fe360
Event: 3.914 Thread 0x0000015b3bea6800 DEOPT UNPACKING pc=0x0000015b3fa0a95e sp=0x00000013a64fd838 mode 0
Event: 3.996 Thread 0x0000015b3bea6800 Uncommon trap: trap_request=0xffffffde fr.pc=0x0000015b475190a4 relative=0x0000000000001364
Event: 3.996 Thread 0x0000015b3bea6800 Uncommon trap: reason=class_check action=maybe_recompile pc=0x0000015b475190a4 method=java.util.zip.InflaterInputStream.read([BII)I @ 100 c2
Event: 3.996 Thread 0x0000015b3bea6800 DEOPT PACKING pc=0x0000015b475190a4 sp=0x00000013a64fe430
Event: 3.996 Thread 0x0000015b3bea6800 DEOPT UNPACKING pc=0x0000015b3fa0a1af sp=0x00000013a64fe490 mode 2
Event: 4.112 Thread 0x0000015b3bea6800 Uncommon trap: trap_request=0xffffff4d fr.pc=0x0000015b474e16c0 relative=0x0000000000000680
Event: 4.112 Thread 0x0000015b3bea6800 Uncommon trap: reason=unstable_if action=reinterpret pc=0x0000015b474e16c0 method=java.lang.Integer.getChars(II[B)I @ 25 c2
Event: 4.112 Thread 0x0000015b3bea6800 DEOPT PACKING pc=0x0000015b474e16c0 sp=0x00000013a64fe500
Event: 4.112 Thread 0x0000015b3bea6800 DEOPT UNPACKING pc=0x0000015b3fa0a1af sp=0x00000013a64fe3f0 mode 2
Event: 4.229 Thread 0x0000015b3bea6800 Uncommon trap: trap_request=0xffffff4d fr.pc=0x0000015b474b7d80 relative=0x0000000000000640
Event: 4.229 Thread 0x0000015b3bea6800 Uncommon trap: reason=unstable_if action=reinterpret pc=0x0000015b474b7d80 method=java.lang.Integer.getChars(II[B)I @ 25 c2
Event: 4.229 Thread 0x0000015b3bea6800 DEOPT PACKING pc=0x0000015b474b7d80 sp=0x00000013a64fd2a0
Event: 4.229 Thread 0x0000015b3bea6800 DEOPT UNPACKING pc=0x0000015b3fa0a1af sp=0x00000013a64fd1f8 mode 2
Event: 4.254 Thread 0x0000015b3bea6800 Uncommon trap: trap_request=0xffffff4d fr.pc=0x0000015b474ece20 relative=0x0000000000000180
Event: 4.254 Thread 0x0000015b3bea6800 Uncommon trap: reason=unstable_if action=reinterpret pc=0x0000015b474ece20 method=java.lang.String.startsWith(Ljava/lang/String;I)Z @ 1 c2
Event: 4.254 Thread 0x0000015b3bea6800 DEOPT PACKING pc=0x0000015b474ece20 sp=0x00000013a64fddd0
Event: 4.254 Thread 0x0000015b3bea6800 DEOPT UNPACKING pc=0x0000015b3fa0a1af sp=0x00000013a64fdd40 mode 2

Classes redefined (0 events):
No events

Internal exceptions (20 events):
Event: 2.645 Thread 0x0000015b3bea6800 Exception <a 'java/lang/NoSuchMethodError'{0x00000000a4e96390}: 'long java.lang.invoke.Invokers$Holder.invoke_MT(java.lang.Object, java.lang.Object, java.lang.Object, java.lang.Object)'> (0x00000000a4e96390) thrown at [./src/hotspot/share/interpreter/linkResolver.cpp, line 773]
Event: 2.646 Thread 0x0000015b3bea6800 Exception <a 'java/lang/NoSuchMethodError'{0x00000000a4e99a10}: 'long java.lang.invoke.DelegatingMethodHandle$Holder.reinvoke_L(java.lang.Object, java.lang.Object, java.lang.Object)'> (0x00000000a4e99a10) thrown at [./src/hotspot/share/interpreter/linkResolver.cpp, line 773]
Event: 2.652 Thread 0x0000015b3bea6800 Exception <a 'java/lang/NoSuchMethodError'{0x00000000a4ea36d0}: 'int java.lang.invoke.DirectMethodHandle$Holder.invokeSpecial(java.lang.Object, java.lang.Object, java.lang.Object, java.lang.Object)'> (0x00000000a4ea36d0) thrown at [./src/hotspot/share/interpreter/linkResolver.cpp, line 773]
Event: 2.658 Thread 0x0000015b3bea6800 Exception <a 'java/lang/NoSuchMethodError'{0x00000000a4eb24b0}: 'int java.lang.invoke.DelegatingMethodHandle$Holder.reinvoke_L(java.lang.Object, java.lang.Object, java.lang.Object, long, int)'> (0x00000000a4eb24b0) thrown at [./src/hotspot/share/interpreter/linkResolver.cpp, line 773]
Event: 3.153 Thread 0x0000015b3bea6800 Exception <a 'java/lang/NoSuchMethodError'{0x00000000a4460480}: 'int java.lang.invoke.DirectMethodHandle$Holder.invokeSpecialIFC(java.lang.Object, java.lang.Object, int)'> (0x00000000a4460480) thrown at [./src/hotspot/share/interpreter/linkResolver.cpp, line 773]
Event: 3.401 Thread 0x0000015b3bea6800 Exception <a 'java/lang/NoSuchMethodError'{0x00000000a6f32810}: 'java.lang.Object java.lang.invoke.DirectMethodHandle$Holder.invokeStaticInit(java.lang.Object, int)'> (0x00000000a6f32810) thrown at [./src/hotspot/share/interpreter/linkResolver.cpp, line 773]
Event: 3.453 Thread 0x0000015b3bea6800 Exception <a 'java/lang/NoSuchMethodError'{0x00000000a6eef210}: 'long java.lang.invoke.DirectMethodHandle$Holder.invokeStatic(java.lang.Object)'> (0x00000000a6eef210) thrown at [./src/hotspot/share/interpreter/linkResolver.cpp, line 773]
Event: 3.453 Thread 0x0000015b3bea6800 Exception <a 'java/lang/NoSuchMethodError'{0x00000000a6ef2068}: 'long java.lang.invoke.DirectMethodHandle$Holder.invokeStaticInit(java.lang.Object)'> (0x00000000a6ef2068) thrown at [./src/hotspot/share/interpreter/linkResolver.cpp, line 773]
Event: 3.553 Thread 0x0000015b3bea6800 Exception <a 'java/lang/NoSuchMethodError'{0x00000000a6aeffc8}: 'int java.lang.invoke.DirectMethodHandle$Holder.invokeStaticInit(java.lang.Object, java.lang.Object, java.lang.Object)'> (0x00000000a6aeffc8) thrown at [./src/hotspot/share/interpreter/linkResolver.cpp, line 773]
Event: 3.560 Thread 0x0000015b3bea6800 Exception <a 'java/lang/NoSuchMethodError'{0x00000000a691b730}: 'int java.lang.invoke.DirectMethodHandle$Holder.invokeStaticInit(java.lang.Object, java.lang.Object)'> (0x00000000a691b730) thrown at [./src/hotspot/share/interpreter/linkResolver.cpp, line 773]
Event: 3.682 Thread 0x0000015b3bea6800 Exception <a 'java/lang/NoSuchMethodError'{0x00000000a672b7a0}: 'void java.lang.invoke.DirectMethodHandle$Holder.invokeSpecial(java.lang.Object, java.lang.Object)'> (0x00000000a672b7a0) thrown at [./src/hotspot/share/interpreter/linkResolver.cpp, line 773]
Event: 4.029 Thread 0x0000015b3bea6800 Exception <a 'java/lang/NoSuchMethodError'{0x00000000a5fcede0}: 'java.lang.Object java.lang.invoke.DirectMethodHandle$Holder.invokeStatic(java.lang.Object, java.lang.Object, java.lang.Object, java.lang.Object, java.lang.Object, java.lang.Object, java.lang.Object, java.lang.Object, java.lang.Object, java.lang.Object, java.lang.Object, java.lang.Object, java.lang.Object, java.lang.Object, java.lang.Object)'> (0x00000000a5fcede0) thrown at [./src/hotspot/share/interpreter/linkResolver.cpp, line 773]
Event: 4.031 Thread 0x0000015b3bea6800 Exception <a 'java/lang/NoSuchMethodError'{0x00000000a5fdcde8}: 'java.lang.Object java.lang.invoke.DirectMethodHandle$Holder.invokeStatic(java.lang.Object, java.lang.Object, java.lang.Object, java.lang.Object, java.lang.Object, java.lang.Object, java.lang.Object, java.lang.Object, java.lang.Object, java.lang.Object, java.lang.Object, java.lang.Object, java.lang.Object, java.lang.Object, java.lang.Object, java.lang.Object)'> (0x00000000a5fdcde8) thrown at [./src/hotspot/share/interpreter/linkResolver.cpp, l
Event: 4.032 Thread 0x0000015b3bea6800 Exception <a 'java/lang/NoSuchMethodError'{0x00000000a5fead00}: 'java.lang.Object java.lang.invoke.DirectMethodHandle$Holder.invokeSpecial(java.lang.Object, java.lang.Object, int, int, java.lang.Object, java.lang.Object, java.lang.Object)'> (0x00000000a5fead00) thrown at [./src/hotspot/share/interpreter/linkResolver.cpp, line 773]
Event: 4.033 Thread 0x0000015b3bea6800 Exception <a 'java/lang/NoSuchMethodError'{0x00000000a5fee538}: 'java.lang.Object java.lang.invoke.DelegatingMethodHandle$Holder.reinvoke_L(java.lang.Object, int, int, java.lang.Object, java.lang.Object, java.lang.Object)'> (0x00000000a5fee538) thrown at [./src/hotspot/share/interpreter/linkResolver.cpp, line 773]
Event: 4.034 Thread 0x0000015b3bea6800 Exception <a 'java/lang/NoSuchMethodError'{0x00000000a5ff28c0}: 'java.lang.Object java.lang.invoke.DirectMethodHandle$Holder.invokeStatic(java.lang.Object, java.lang.Object, java.lang.Object, java.lang.Object, int)'> (0x00000000a5ff28c0) thrown at [./src/hotspot/share/interpreter/linkResolver.cpp, line 773]
Event: 4.114 Thread 0x0000015b3bea6800 Exception <a 'java/lang/NoSuchMethodError'{0x00000000a5d19e28}: 'void java.lang.invoke.DirectMethodHandle$Holder.invokeStatic(java.lang.Object, java.lang.Object, java.lang.Object, java.lang.Object)'> (0x00000000a5d19e28) thrown at [./src/hotspot/share/interpreter/linkResolver.cpp, line 773]
Event: 4.227 Thread 0x0000015b3bea6800 Exception <a 'java/lang/NoSuchMethodError'{0x00000000a5af9318}: 'void java.lang.invoke.DirectMethodHandle$Holder.invokeStaticInit(java.lang.Object, java.lang.Object)'> (0x00000000a5af9318) thrown at [./src/hotspot/share/interpreter/linkResolver.cpp, line 773]
Event: 4.347 Thread 0x0000015b3bea6800 Exception <a 'java/lang/NoSuchMethodError'{0x00000000a55a4ed8}: 'void java.lang.invoke.DirectMethodHandle$Holder.invokeVirtual(java.lang.Object, java.lang.Object)'> (0x00000000a55a4ed8) thrown at [./src/hotspot/share/interpreter/linkResolver.cpp, line 773]
Event: 4.358 Thread 0x0000015b3bea6800 Exception <a 'java/lang/NoSuchMethodError'{0x00000000a55f6cc8}: 'int java.lang.invoke.DirectMethodHandle$Holder.invokeVirtual(java.lang.Object, java.lang.Object)'> (0x00000000a55f6cc8) thrown at [./src/hotspot/share/interpreter/linkResolver.cpp, line 773]

Events (20 events):
Event: 4.457 loading class org/jetbrains/kotlin/psi/KtTypeAlias
Event: 4.457 loading class org/jetbrains/kotlin/psi/KtTypeAlias done
Event: 4.459 loading class org/jetbrains/kotlin/psi/stubs/KotlinTypeAliasStub
Event: 4.459 loading class org/jetbrains/kotlin/psi/stubs/KotlinTypeAliasStub done
Event: 4.460 loading class org/jetbrains/kotlin/psi/stubs/elements/KtObjectElementType
Event: 4.460 loading class org/jetbrains/kotlin/psi/stubs/elements/KtObjectElementType done
Event: 4.460 loading class org/jetbrains/kotlin/psi/stubs/KotlinObjectStub
Event: 4.460 loading class org/jetbrains/kotlin/psi/stubs/KotlinObjectStub done
Event: 4.461 loading class org/jetbrains/kotlin/psi/KtObjectDeclaration
Event: 4.461 loading class org/jetbrains/kotlin/psi/KtObjectDeclaration done
Event: 4.463 loading class org/jetbrains/kotlin/psi/stubs/KotlinPlaceHolderStub
Event: 4.463 loading class org/jetbrains/kotlin/psi/stubs/KotlinPlaceHolderStub done
Event: 4.463 loading class org/jetbrains/kotlin/psi/KtClassInitializer
Event: 4.463 loading class org/jetbrains/kotlin/psi/KtClassInitializer done
Event: 4.463 loading class org/jetbrains/kotlin/psi/KtAnonymousInitializer
Event: 4.463 loading class org/jetbrains/kotlin/psi/KtAnonymousInitializer done
Event: 4.466 loading class org/jetbrains/kotlin/psi/KtSecondaryConstructor
Event: 4.466 loading class org/jetbrains/kotlin/psi/KtSecondaryConstructor done
Event: 4.466 loading class org/jetbrains/kotlin/psi/KtConstructor
Event: 4.466 loading class org/jetbrains/kotlin/psi/KtConstructor done


Dynamic libraries:
0x00007ff771fb0000 - 0x00007ff771fba000 	C:\Program Files\Android\Android Studio\jre\bin\java.exe
0x00007ffa8ba10000 - 0x00007ffa8bc24000 	C:\WINDOWS\SYSTEM32\ntdll.dll
0x00007ffa8af20000 - 0x00007ffa8afe2000 	C:\WINDOWS\System32\KERNEL32.DLL
0x00007ffa893c0000 - 0x00007ffa8975c000 	C:\WINDOWS\System32\KERNELBASE.dll
0x00007ffa892a0000 - 0x00007ffa893b1000 	C:\WINDOWS\System32\ucrtbase.dll
0x00007ffa78930000 - 0x00007ffa78949000 	C:\Program Files\Android\Android Studio\jre\bin\jli.dll
0x00007ffa8a1e0000 - 0x00007ffa8a38b000 	C:\WINDOWS\System32\USER32.dll
0x00007ffa88fe0000 - 0x00007ffa89006000 	C:\WINDOWS\System32\win32u.dll
0x00007ffa89bb0000 - 0x00007ffa89bd9000 	C:\WINDOWS\System32\GDI32.dll
0x00007ffa88e50000 - 0x00007ffa88f63000 	C:\WINDOWS\System32\gdi32full.dll
0x00007ffa734d0000 - 0x00007ffa734e7000 	C:\Program Files\Android\Android Studio\jre\bin\VCRUNTIME140.dll
0x00007ffa89010000 - 0x00007ffa890aa000 	C:\WINDOWS\System32\msvcp_win.dll
0x00007ffa75bf0000 - 0x00007ffa75e7e000 	C:\WINDOWS\WinSxS\amd64_microsoft.windows.common-controls_6595b64144ccf1df_6.0.22621.608_none_a9444ca7c10bb01d\COMCTL32.dll
0x00007ffa89f50000 - 0x00007ffa89ff7000 	C:\WINDOWS\System32\msvcrt.dll
0x00007ffa8b6c0000 - 0x00007ffa8b6f1000 	C:\WINDOWS\System32\IMM32.DLL
0x00007ffa63bd0000 - 0x00007ffa63c6d000 	C:\Program Files\Android\Android Studio\jre\bin\msvcp140.dll
0x00007ffa48190000 - 0x00007ffa48c92000 	C:\Program Files\Android\Android Studio\jre\bin\server\jvm.dll
0x00007ffa8b700000 - 0x00007ffa8b7ae000 	C:\WINDOWS\System32\ADVAPI32.dll
0x00007ffa8a000000 - 0x00007ffa8a0a4000 	C:\WINDOWS\System32\sechost.dll
0x00007ffa8b8b0000 - 0x00007ffa8b9c7000 	C:\WINDOWS\System32\RPCRT4.dll
0x00007ffa89dc0000 - 0x00007ffa89dc8000 	C:\WINDOWS\System32\PSAPI.DLL
0x00007ffa85f10000 - 0x00007ffa85f19000 	C:\WINDOWS\SYSTEM32\WSOCK32.dll
0x00007ffa8aff0000 - 0x00007ffa8b061000 	C:\WINDOWS\System32\WS2_32.dll
0x00007ffa80dd0000 - 0x00007ffa80e04000 	C:\WINDOWS\SYSTEM32\WINMM.dll
0x00007ffa80570000 - 0x00007ffa8057a000 	C:\WINDOWS\SYSTEM32\VERSION.dll
0x00007ffa87ea0000 - 0x00007ffa87eb8000 	C:\WINDOWS\SYSTEM32\kernel.appcore.dll
0x00007ffa797e0000 - 0x00007ffa797f1000 	C:\Program Files\Android\Android Studio\jre\bin\verify.dll
0x00007ffa7d7b0000 - 0x00007ffa7d9de000 	C:\WINDOWS\SYSTEM32\DBGHELP.DLL
0x00007ffa89820000 - 0x00007ffa89ba9000 	C:\WINDOWS\System32\combase.dll
0x00007ffa89be0000 - 0x00007ffa89cb7000 	C:\WINDOWS\System32\OLEAUT32.dll
0x00007ffa764d0000 - 0x00007ffa76502000 	C:\WINDOWS\SYSTEM32\dbgcore.DLL
0x00007ffa89220000 - 0x00007ffa8929b000 	C:\WINDOWS\System32\bcryptPrimitives.dll
0x00007ffa797b0000 - 0x00007ffa797d9000 	C:\Program Files\Android\Android Studio\jre\bin\java.dll
0x00007ffa841f0000 - 0x00007ffa841fb000 	C:\Program Files\Android\Android Studio\jre\bin\jimage.dll
0x00007ffa79730000 - 0x00007ffa79748000 	C:\Program Files\Android\Android Studio\jre\bin\zip.dll
0x00007ffa8a3e0000 - 0x00007ffa8abd0000 	C:\WINDOWS\System32\SHELL32.dll
0x00007ffa86e60000 - 0x00007ffa8772d000 	C:\WINDOWS\SYSTEM32\windows.storage.dll
0x00007ffa86d20000 - 0x00007ffa86e5e000 	C:\WINDOWS\SYSTEM32\wintypes.dll
0x00007ffa89cc0000 - 0x00007ffa89db1000 	C:\WINDOWS\System32\SHCORE.dll
0x00007ffa8b7b0000 - 0x00007ffa8b80e000 	C:\WINDOWS\System32\shlwapi.dll
0x00007ffa88d80000 - 0x00007ffa88da1000 	C:\WINDOWS\SYSTEM32\profapi.dll
0x00007ffa796f0000 - 0x00007ffa7970a000 	C:\Program Files\Android\Android Studio\jre\bin\net.dll
0x00007ffa80360000 - 0x00007ffa80497000 	C:\WINDOWS\SYSTEM32\WINHTTP.dll
0x00007ffa88310000 - 0x00007ffa88379000 	C:\WINDOWS\system32\mswsock.dll
0x00007ffa78c80000 - 0x00007ffa78c94000 	C:\Program Files\Android\Android Studio\jre\bin\nio.dll

dbghelp: loaded successfully - version: 4.0.5 - missing functions: none
symbol engine: initialized successfully - sym options: 0x614 - pdb path: .;C:\Program Files\Android\Android Studio\jre\bin;C:\WINDOWS\SYSTEM32;C:\WINDOWS\WinSxS\amd64_microsoft.windows.common-controls_6595b64144ccf1df_6.0.22621.608_none_a9444ca7c10bb01d;C:\Program Files\Android\Android Studio\jre\bin\server

VM Arguments:
java_command: org.jetbrains.kotlin.cli.jvm.K2JVMCompiler @D:\Android Studio\MyStoryApp\app\build\20230503_17311917686640726326.compiler.options
java_class_path (initial): D:\Android Studio\BarVolume\caches\modules-2\files-2.1\org.jetbrains.kotlin\kotlin-compiler-embeddable\1.8.10\b0757fd774344d54ce93f5ad6c30ba1c1731c8ff\kotlin-compiler-embeddable-1.8.10.jar;D:\Android Studio\BarVolume\caches\modules-2\files-2.1\org.jetbrains.kotlin\kotlin-stdlib\1.8.10\6d5560a229477df9406943d5feda5618e98eb64c\kotlin-stdlib-1.8.10.jar;D:\Android Studio\BarVolume\caches\modules-2\files-2.1\org.jetbrains.kotlin\kotlin-script-runtime\1.8.10\b13ea9c7e46d589139e56086a878763290e20bd5\kotlin-script-runtime-1.8.10.jar;D:\Android Studio\BarVolume\caches\modules-2\files-2.1\org.jetbrains.kotlin\kotlin-reflect\1.6.10\1cbe9c92c12a94eea200d23c2bbaedaf3daf5132\kotlin-reflect-1.6.10.jar;D:\Android Studio\BarVolume\caches\modules-2\files-2.1\org.jetbrains.kotlin\kotlin-daemon-embeddable\1.8.10\ad8541d9bc1cf9e52c3204161247910c2cf601d4\kotlin-daemon-embeddable-1.8.10.jar;D:\Android Studio\BarVolume\caches\modules-2\files-2.1\org.jetbrains.intellij.deps\trove4j\1.0.20200330\3afb14d5f9ceb459d724e907a21145e8ff394f02\trove4j-1.0.20200330.jar;D:\Android Studio\BarVolume\caches\modules-2\files-2.1\net.java.dev.jna\jna\5.6.0\330f2244e9030119ab3030fc3fededc86713d9cc\jna-5.6.0.jar;D:\Android Studio\BarVolume\caches\modules-2\files-2.1\org.jetbrains.kotlin\kotlin-stdlib-common\1.8.10\a61b182458550492c12aee66157d7b524a63a5ec\kotlin-stdlib-common-1.8.10.jar;D:\Android Studio\BarVolume\caches\modules-2\files-2.1\org.jetbrains\annotations\13.0\919f0dfe192fb4e063e7dacadee7f8bb9a2672a9\annotations-13.0.jar
Launcher Type: SUN_STANDARD

[Global flags]
     intx CICompilerCount                          = 3                                         {product} {ergonomic}
     uint ConcGCThreads                            = 1                                         {product} {ergonomic}
     uint G1ConcRefinementThreads                  = 4                                         {product} {ergonomic}
   size_t G1HeapRegionSize                         = 1048576                                   {product} {ergonomic}
    uintx GCDrainStackTargetSize                   = 64                                        {product} {ergonomic}
   size_t InitialHeapSize                          = 100663296                                 {product} {ergonomic}
   size_t MarkStackSize                            = 4194304                                   {product} {ergonomic}
   size_t MaxHeapSize                              = 1591738368                                {product} {ergonomic}
   size_t MaxNewSize                               = 954204160                                 {product} {ergonomic}
   size_t MinHeapDeltaBytes                        = 1048576                                   {product} {ergonomic}
    uintx NonNMethodCodeHeapSize                   = 5830732                                {pd product} {ergonomic}
    uintx NonProfiledCodeHeapSize                  = 122913754                              {pd product} {ergonomic}
    uintx ProfiledCodeHeapSize                     = 122913754                              {pd product} {ergonomic}
    uintx ReservedCodeCacheSize                    = 251658240                              {pd product} {ergonomic}
     bool SegmentedCodeCache                       = true                                      {product} {ergonomic}
     bool UseCompressedClassPointers               = true                                 {lp64_product} {ergonomic}
     bool UseCompressedOops                        = true                                 {lp64_product} {ergonomic}
     bool UseG1GC                                  = true                                      {product} {ergonomic}
     bool UseLargePagesIndividualAllocation        = false                                  {pd product} {ergonomic}

Logging:
Log output configuration:
 #0: stdout all=warning uptime,level,tags
 #1: stderr all=off uptime,level,tags

Environment Variables:
JAVA_HOME=D:\Azul Zulu
PATH=D:\Azul Zulu\bin\;C:\Program Files\Common Files\Oracle\Java\javapath;C:\Program Files (x86)\Common Files\Oracle\Java\javapath;C:\WINDOWS\system32;C:\WINDOWS;C:\WINDOWS\System32\Wbem;C:\WINDOWS\System32\WindowsPowerShell\v1.0\;C:\WINDOWS\System32\OpenSSH\;C:\Program Files\Microsoft SQL Server\130\Tools\Binn\;D:\Azul Zulu\gradle dah diekstrak\gradle-6.6\bin;C:\Users\ACER\AppData\Local\Microsoft\WindowsApps;C:\Users\ACER\.dotnet\tools;C:\Users\ACER\AppData\Local\Programs\Microsoft VS Code\bin;C:\Users\ACER\AppData\Local\Microsoft\WindowsApps;
USERNAME=ACER
OS=Windows_NT
PROCESSOR_IDENTIFIER=AMD64 Family 23 Model 24 Stepping 1, AuthenticAMD



---------------  S Y S T E M  ---------------

OS: Windows 11 , 64 bit Build 22621 (10.0.22621.1485)
OS uptime: 17 days 0:29 hours

CPU:total 4 (initial active 4) (4 cores per cpu, 2 threads per core) family 23 model 24 stepping 1 microcode 0x0, cmov, cx8, fxsr, mmx, sse, sse2, sse3, ssse3, sse4.1, sse4.2, popcnt, avx, avx2, aes, clmul, mmxext, 3dnowpref, lzcnt, sse4a, ht, tsc, tscinvbit, tscinv, bmi1, bmi2, adx, sha, fma

Memory: 4k page, system-wide physical 6071M (325M free)
TotalPageFile size 18185M (AvailPageFile size 2M)
current process WorkingSet (physical memory assigned to process): 154M, peak: 155M
current process commit charge ("private bytes"): 214M, peak: 216M

vm_info: OpenJDK 64-Bit Server VM (11.0.13+0-b1751.21-8125866) for windows-amd64 JRE (11.0.13+0-b1751.21-8125866), built on Feb  2 2022 03:00:22 by "builder" with MS VC++ 14.0 (VS2015)

END.
